<?xml version="1.0" encoding="UTF-8"?>
<!-- Generated by org.testng.reporters.JUnitReportReporter -->
<testsuite hostname="DESKTOP-9SQBDHC" failures="0" tests="1" name="com.selenium.maven.tests.testAnnotationSeqEx" time="0.007" errors="0" timestamp="2024-04-14T12:48:04 IST" skipped="0">
  <testcase classname="com.selenium.maven.tests.testAnnotationSeqEx" name="test" time="0.007"/>
  <system-out/>
</testsuite> <!-- com.selenium.maven.tests.testAnnotationSeqEx -->
