<?xml version="1.0" encoding="UTF-8"?>
<!-- Generated by org.testng.reporters.JUnitReportReporter -->
<testsuite hostname="DESKTOP-9SQBDHC" failures="0" tests="2" name="com.selenium.maven.tests.homeTest" time="0.013" errors="0" timestamp="2024-04-10T15:30:55 IST" skipped="0">
  <testcase classname="com.selenium.maven.tests.homeTest" name="test" time="0.010"/>
  <system-out/>
  <testcase classname="com.selenium.maven.tests.homeTest" name="test1" time="0.003"/>
  <system-out/>
</testsuite> <!-- com.selenium.maven.tests.homeTest -->
